2025-07-01 14:44:06,964 - INFO - YOLO Default : =========================日志记录器初始化开始=========================
2025-07-01 14:44:06,965 - INFO - YOLO Default : 当前日志记录器的根目录: D:\学习\实习\yoloserver\logs
2025-07-01 14:44:06,965 - INFO - YOLO Default : 当前日志记录器的名称: YOLO Default
2025-07-01 14:44:06,965 - INFO - YOLO Default : 当前日志记录器的类型: infer
2025-07-01 14:44:06,965 - INFO - YOLO Default : 单前日志记录器的级别: INFO
2025-07-01 14:44:06,965 - INFO - YOLO Default : =========================日志记录器初始化成功=========================
2025-07-01 14:44:06,965 - INFO - YOLO Default : ===== YOLO 安全帽检测验证开始 =====
2025-07-01 14:44:06,970 - INFO - YOLO Default : 加载模型: D:\学习\实习\yoloserver\models\checkpoints\seg_best.pt
2025-07-01 14:44:06,970 - INFO - YOLO Default : ========= 设备信息 =========
2025-07-01 14:44:10,237 - INFO - YOLO Default : ========================================
2025-07-01 14:44:10,237 - INFO - YOLO Default : 设备信息概览
2025-07-01 14:44:10,237 - INFO - YOLO Default : ========================================
2025-07-01 14:44:10,237 - INFO - YOLO Default : 基本设备信息:
2025-07-01 14:44:10,237 - INFO - YOLO Default :     操作系统            : Windows 11
2025-07-01 14:44:10,237 - INFO - YOLO Default :     Python版本          : 3.12.0
2025-07-01 14:44:10,237 - INFO - YOLO Default :     Python解释器路径    : C:\ProgramData\anaconda3\envs\yolos\python.exe
2025-07-01 14:44:10,237 - INFO - YOLO Default :     Python虚拟环境      : yolos
2025-07-01 14:44:10,237 - INFO - YOLO Default :     当前检测时间        : 2025-07-01 14:44:06
2025-07-01 14:44:10,237 - INFO - YOLO Default :     主机名              : XY
2025-07-01 14:44:10,237 - INFO - YOLO Default :     当前用户            : 林
2025-07-01 14:44:10,237 - INFO - YOLO Default : CPU信息:
2025-07-01 14:44:10,238 - INFO - YOLO Default :     CPU型号             : AMD Ryzen 7 6800H with Radeon Graphics
2025-07-01 14:44:10,238 - INFO - YOLO Default :     CPU物理核心数       : 8
2025-07-01 14:44:10,238 - INFO - YOLO Default :     CPU逻辑核心数       : 16
2025-07-01 14:44:10,238 - INFO - YOLO Default :     CPU使用率           : 14.8%
2025-07-01 14:44:10,238 - INFO - YOLO Default : GPU信息:
2025-07-01 14:44:10,238 - INFO - YOLO Default :     CUDA是否可用        : True
2025-07-01 14:44:10,238 - INFO - YOLO Default :     CUDA版本            : 12.6
2025-07-01 14:44:10,238 - INFO - YOLO Default :     NVIDIA驱动程序版本  : 576.02
2025-07-01 14:44:10,238 - INFO - YOLO Default :     可用的GPU数量       : 1
2025-07-01 14:44:10,238 - INFO - YOLO Default : 内存信息:
2025-07-01 14:44:10,238 - INFO - YOLO Default :     总内存              : 15.19 GB
2025-07-01 14:44:10,238 - INFO - YOLO Default :     已使用内存          : 12.36 GB
2025-07-01 14:44:10,238 - INFO - YOLO Default :     剩余内存            : 2.84 GB
2025-07-01 14:44:10,238 - INFO - YOLO Default :     内存使用率          : 81.3%
2025-07-01 14:44:10,238 - INFO - YOLO Default : 环境信息:
2025-07-01 14:44:10,238 - INFO - YOLO Default :     PyTorch版本         : 2.7.1+cu126
2025-07-01 14:44:10,238 - INFO - YOLO Default :     cuDNN版本           : 90701
2025-07-01 14:44:10,238 - INFO - YOLO Default :     Ultralytics_Version : 8.3.152
2025-07-01 14:44:10,239 - INFO - YOLO Default :     ONNX版本            : 未安装
2025-07-01 14:44:10,239 - INFO - YOLO Default :     Numpy版本           : 2.1.2
2025-07-01 14:44:10,239 - INFO - YOLO Default :     OpenCV版本          : 4.11.0.86
2025-07-01 14:44:10,239 - INFO - YOLO Default :     Pillow版本          : 11.0.0
2025-07-01 14:44:10,239 - INFO - YOLO Default :     Torchvision版本     : 0.22.1+cu126
2025-07-01 14:44:10,239 - INFO - YOLO Default : 磁盘信息:
2025-07-01 14:44:10,239 - INFO - YOLO Default :     总空间              : 953.87 GB
2025-07-01 14:44:10,239 - INFO - YOLO Default :     已用空间            : 569.13 GB
2025-07-01 14:44:10,239 - INFO - YOLO Default :     剩余空间            : 384.74 GB
2025-07-01 14:44:10,239 - INFO - YOLO Default :     使用率              : 59.7%
2025-07-01 14:44:10,239 - INFO - YOLO Default : GPU详细列表:
2025-07-01 14:44:10,239 - INFO - YOLO Default :   --- GPU 0 详情 ---
2025-07-01 14:44:10,239 - INFO - YOLO Default :     GPU_0_型号               : NVIDIA GeForce RTX 3050 Ti Laptop GPU
2025-07-01 14:44:10,239 - INFO - YOLO Default :     GPU_0_总显存             : 4.00 GB
2025-07-01 14:44:10,239 - INFO - YOLO Default :     GPU_0_算力               : 8.6
2025-07-01 14:44:10,239 - INFO - YOLO Default :     GPU_0_多处理器数量       : 20
2025-07-01 14:44:10,239 - INFO - YOLO Default :     GPU_0_PyTorch_已分配显存 : 0.00 MB
2025-07-01 14:44:10,239 - INFO - YOLO Default :     GPU_0_PyTorch_已缓存显存 : 0.00 MB
2025-07-01 14:44:10,240 - INFO - YOLO Default :     GPU_0_利用率             : GPU:1% / Mem:41%
2025-07-01 14:44:10,241 - INFO - YOLO Default :     GPU_0_实时使用显存       : 1.85 GB
2025-07-01 14:44:10,241 - INFO - YOLO Default : ========================================
2025-07-01 14:44:10,241 - INFO - YOLO Default : ========= 数据集信息 =========
2025-07-01 14:44:10,241 - INFO - YOLO Default : 此次使用的数据信息为: 0
2025-07-01 14:44:10,241 - INFO - YOLO Default : 初始化YOLO模型...
2025-07-01 14:44:22,427 - INFO - YOLO Default : 此次推理结果保存路径为: D:\学习\实习\yoloserver\runs\infer\exp
2025-07-01 14:44:22,427 - INFO - YOLO Default : 视频保存路径为: D:\学习\实习\yoloserver\runs\infer\exp\output.mp4
2025-07-01 14:44:22,430 - INFO - YOLO Default : 视频写入器已创建
